<?xml version="1.0" encoding="UTF-8"?><testsuite errors="0" failures="0" hostname="127.0.0.1" name="test.specs.MXUnitCompatTest" package="test.specs.MXUnitCompatTest" skipped="0" tests="36" time="0.018" timestamp="2014-04-21T09:40:41"><properties>
[...]
</properties><testcase classname="test.specs.MXUnitCompatTest" name="test.specs.MXUnitCompatTest testIsDefined" time="0"/><testcase classname="test.specs.MXUnitCompatTest" name="test.specs.MXUnitCompatTest testAssertEquals" time="0.001"/><testcase classname="test.specs.MXUnitCompatTest" name="test.specs.MXUnitCompatTest testDebug" time="0"/><testcase classname="test.specs.MXUnitCompatTest" name="test.specs.MXUnitCompatTest testMockMethods" time="0"/><testcase classname="test.specs.MXUnitCompatTest" name="test.specs.MXUnitCompatTest testFromInheritance" time="0"/><testcase classname="test.specs.MXUnitCompatTest" name="test.specs.MXUnitCompatTest testassertNotEquals" time="0.001"/><testcase classname="test.specs.MXUnitCompatTest" name="test.specs.MXUnitCompatTest testassertIsQuery" time="0"/><testcase classname="test.specs.MXUnitCompatTest" name="test.specs.MXUnitCompatTest testassertQueryEquals" time="0"/><testcase classname="test.specs.MXUnitCompatTest" name="test.specs.MXUnitCompatTest testassertIsArray" time="0.001"/><testcase classname="test.specs.MXUnitCompatTest" name="test.specs.MXUnitCompatTest testExpectedExceptionFromMethodWithTypeAndRegex" time="0.001"/><testcase classname="test.specs.MXUnitCompatTest" name="test.specs.MXUnitCompatTest testAssertTrue" time="0"/><testcase classname="test.specs.MXUnitCompatTest" name="test.specs.MXUnitCompatTest testassertNotSame" time="0"/><testcase classname="test.specs.MXUnitCompatTest" name="test.specs.MXUnitCompatTest testRaiseException_pass" time="0.001"/><testcase classname="test.specs.MXUnitCompatTest" name="test.specs.MXUnitCompatTest testassertIsXMLDoc" time="0.002"/><testcase classname="test.specs.MXUnitCompatTest" name="test.specs.MXUnitCompatTest testassertIsExactTypeOf" time="0"/><testcase classname="test.specs.MXUnitCompatTest" name="test.specs.MXUnitCompatTest testInjectMethod" time="0.001"/><testcase classname="test.specs.MXUnitCompatTest" name="test.specs.MXUnitCompatTest testExpectedExceptionWithValue" time="0.001"/><testcase classname="test.specs.MXUnitCompatTest" name="test.specs.MXUnitCompatTest testExpectedExceptionFromMethodWithType" time="0.001"/><testcase classname="test.specs.MXUnitCompatTest" name="test.specs.MXUnitCompatTest testassertIsEmptyQuery" time="0"/><testcase classname="test.specs.MXUnitCompatTest" name="test.specs.MXUnitCompatTest testInjectProperty" time="0.001"/><testcase classname="test.specs.MXUnitCompatTest" name="test.specs.MXUnitCompatTest testExpectedExceptionNoValue" time="0.001"/><testcase classname="test.specs.MXUnitCompatTest" name="test.specs.MXUnitCompatTest testassertIsEmptyStruct" time="0"/><testcase classname="test.specs.MXUnitCompatTest" name="test.specs.MXUnitCompatTest testassertIsEmptyArray" time="0"/><testcase classname="test.specs.MXUnitCompatTest" name="test.specs.MXUnitCompatTest testassertSame" time="0.001"/><testcase classname="test.specs.MXUnitCompatTest" name="test.specs.MXUnitCompatTest testMakePublicWithPackage" time="0"/><testcase classname="test.specs.MXUnitCompatTest" name="test.specs.MXUnitCompatTest testMakePublic" time="0.001"/><testcase classname="test.specs.MXUnitCompatTest" name="test.specs.MXUnitCompatTest testAssertEqualsCase" time="0"/><testcase classname="test.specs.MXUnitCompatTest" name="test.specs.MXUnitCompatTest testassertStructEquals" time="0"/><testcase classname="test.specs.MXUnitCompatTest" name="test.specs.MXUnitCompatTest testassertEqualsWithTolerance" time="0"/><testcase classname="test.specs.MXUnitCompatTest" name="test.specs.MXUnitCompatTest testFailsMethod" time="0.001"/><testcase classname="test.specs.MXUnitCompatTest" name="test.specs.MXUnitCompatTest testassertFalse" time="0"/><testcase classname="test.specs.MXUnitCompatTest" name="test.specs.MXUnitCompatTest testAssert" time="0"/><testcase classname="test.specs.MXUnitCompatTest" name="test.specs.MXUnitCompatTest testAssertIsEmpty" time="0"/><testcase classname="test.specs.MXUnitCompatTest" name="test.specs.MXUnitCompatTest testAddAssertDecorator" time="0"/><testcase classname="test.specs.MXUnitCompatTest" name="test.specs.MXUnitCompatTest testassertIsStruct" time="0"/><testcase classname="test.specs.MXUnitCompatTest" name="test.specs.MXUnitCompatTest testAssertArrayEquals" time="0"/></testsuite>