<?xml version="1.0" encoding="UTF-8"?><testsuite errors="0" failures="0" hostname="127.0.0.1" name="test.specs.more.EmbedTest" package="test.specs.more.EmbedTest" skipped="1" tests="46" time="0.028" timestamp="2014-04-21T09:40:41"><properties>
[...]
</properties><testcase classname="test.specs.more.EmbedTest" name="test.specs.more.EmbedTest testMatchWithCase" time="0"/><testcase classname="test.specs.more.EmbedTest" name="test.specs.more.EmbedTest testNotLengthOf" time="0.001"/><testcase classname="test.specs.more.EmbedTest" name="test.specs.more.EmbedTest testIsNotEmpty" time="0"/><testcase classname="test.specs.more.EmbedTest" name="test.specs.more.EmbedTest testIsGTE" time="0"/><testcase classname="test.specs.more.EmbedTest" name="test.specs.more.EmbedTest testExpectedExceptionFromMethodWithTypeAndRegex" time="0.002"/><testcase classname="test.specs.more.EmbedTest" name="test.specs.more.EmbedTest testisEqual" time="0.004"/><testcase classname="test.specs.more.EmbedTest" name="test.specs.more.EmbedTest testThatShouldFail" time="0.001"/><testcase classname="test.specs.more.EmbedTest" name="test.specs.more.EmbedTest testIsLTE" time="0.001"/><testcase classname="test.specs.more.EmbedTest" name="test.specs.more.EmbedTest testExpectedExceptionWithValueAndRegex" time="0.001"/><testcase classname="test.specs.more.EmbedTest" name="test.specs.more.EmbedTest testAssert" time="0"/><testcase classname="test.specs.more.EmbedTest" name="test.specs.more.EmbedTest testThatShouldFailWithShortcut" time="0.001"/><testcase classname="test.specs.more.EmbedTest" name="test.specs.more.EmbedTest testIsLT" time="0.001"/><testcase classname="test.specs.more.EmbedTest" name="test.specs.more.EmbedTest testExpectedExceptionNoValue" time="0.001"/><testcase classname="test.specs.more.EmbedTest" name="test.specs.more.EmbedTest testisNotEqual" time="0"/><testcase classname="test.specs.more.EmbedTest" name="test.specs.more.EmbedTest testNotInstanceOf" time="0"/><testcase classname="test.specs.more.EmbedTest" name="test.specs.more.EmbedTest testInstanceOf" time="0"/><testcase classname="test.specs.more.EmbedTest" name="test.specs.more.EmbedTest testThrows" time="0.002"/><testcase classname="test.specs.more.EmbedTest" name="test.specs.more.EmbedTest testisTrue" time="0"/><testcase classname="test.specs.more.EmbedTest" name="test.specs.more.EmbedTest testMatch" time="0"/><testcase classname="test.specs.more.EmbedTest" name="test.specs.more.EmbedTest testnotIncludesWithCase" time="0"/><testcase classname="test.specs.more.EmbedTest" name="test.specs.more.EmbedTest testnullValue" time="0"/><testcase classname="test.specs.more.EmbedTest" name="test.specs.more.EmbedTest testNotDeepKey" time="0.001"/><testcase classname="test.specs.more.EmbedTest" name="test.specs.more.EmbedTest testNotKey" time="0"/><testcase classname="test.specs.more.EmbedTest" name="test.specs.more.EmbedTest testNotMatch" time="0"/><testcase classname="test.specs.more.EmbedTest" name="test.specs.more.EmbedTest testExpectedExceptionWithValue" time="0.001"/><testcase classname="test.specs.more.EmbedTest" name="test.specs.more.EmbedTest testIsEmptyFunctions" time="0.002"/><testcase classname="test.specs.more.EmbedTest" name="test.specs.more.EmbedTest testIncludesWithCase" time="0"/><testcase classname="test.specs.more.EmbedTest" name="test.specs.more.EmbedTest testNotNullValue" time="0"/><testcase classname="test.specs.more.EmbedTest" name="test.specs.more.EmbedTest testNotTypeOf" time="0.001"/><testcase classname="test.specs.more.EmbedTest" name="test.specs.more.EmbedTest testExpectedExceptionFromMethodWithType" time="0.001"/><testcase classname="test.specs.more.EmbedTest" name="test.specs.more.EmbedTest testAssertShortcut" time="0.001"/><testcase classname="test.specs.more.EmbedTest" name="test.specs.more.EmbedTest testExpectedExceptionFromMethod" time="0.001"/><testcase classname="test.specs.more.EmbedTest" name="test.specs.more.EmbedTest testisFalse" time="0"/><testcase classname="test.specs.more.EmbedTest" name="test.specs.more.EmbedTest testTypeOf" time="0.001"/><testcase classname="test.specs.more.EmbedTest" name="test.specs.more.EmbedTest testNotThrows" time="0"/><testcase classname="test.specs.more.EmbedTest" name="test.specs.more.EmbedTest testSkipped" time="0"><skipped/></testcase><testcase classname="test.specs.more.EmbedTest" name="test.specs.more.EmbedTest testIsEmpty" time="0"/><testcase classname="test.specs.more.EmbedTest" name="test.specs.more.EmbedTest testLengthOf" time="0.001"/><testcase classname="test.specs.more.EmbedTest" name="test.specs.more.EmbedTest testAwesomeCustomAssertion" time="0"/><testcase classname="test.specs.more.EmbedTest" name="test.specs.more.EmbedTest testNotIncludes" time="0"/><testcase classname="test.specs.more.EmbedTest" name="test.specs.more.EmbedTest testisEqualWithCase" time="0"/><testcase classname="test.specs.more.EmbedTest" name="test.specs.more.EmbedTest testKey" time="0"/><testcase classname="test.specs.more.EmbedTest" name="test.specs.more.EmbedTest testIsGT" time="0.001"/><testcase classname="test.specs.more.EmbedTest" name="test.specs.more.EmbedTest testNegatedAwesomeCustomAssertion" time="0"/><testcase classname="test.specs.more.EmbedTest" name="test.specs.more.EmbedTest testDeepKey" time="0"/><testcase classname="test.specs.more.EmbedTest" name="test.specs.more.EmbedTest testIncludes" time="0"/></testsuite>